# JRE version: Java(TM) SE Runtime Environment (17.0+35) (build 17+35-LTS-2724)
# Java VM: Java HotSpot(TM) 64-Bit Server VM (17+35-LTS-2724, mixed mode, sharing, tiered, compressed oops, compressed class ptrs, g1 gc, windows-amd64)
GC Precious Log:
 CPUs: 12 total, 12 available
 Memory: 16334M
 Large Page Support: Disabled
 NUMA Support: Disabled
 Compressed Oops: Enabled (Zero based)
 Heap Region Size: 2M
 Heap Min Capacity: 8M
 Heap Initial Capacity: 256M
 Heap Max Capacity: 4084M
 Pre-touch: Disabled
 Parallel Workers: 10
 Concurrent Workers: 3
 Concurrent Refinement Workers: 10
 Periodic GC: Disabled
Heap:
 garbage-first heap   total 75776K, used 57856K [0x0000000700c00000, 0x0000000800000000)
  region size 2048K, 17 young (34816K), 1 survivors (2048K)
 Metaspace       used 60444K, committed 60928K, reserved 1105920K
  class space    used 7598K, committed 7808K, reserved 1048576K
GC Heap History (20 events):
Event: 2037.545 GC heap before
{Heap before GC invocations=18 (full 0):
 garbage-first heap   total 75776K, used 57834K [0x0000000700c00000, 0x0000000800000000)
  region size 2048K, 17 young (34816K), 2 survivors (4096K)
 Metaspace       used 60381K, committed 60800K, reserved 1105920K
  class space    used 7590K, committed 7808K, reserved 1048576K
}
Event: 2037.549 GC heap after
{Heap after GC invocations=19 (full 0):
 garbage-first heap   total 75776K, used 27448K [0x0000000700c00000, 0x0000000800000000)
  region size 2048K, 1 young (2048K), 1 survivors (2048K)
 Metaspace       used 60381K, committed 60800K, reserved 1105920K
  class space    used 7590K, committed 7808K, reserved 1048576K
}
Event: 2039.261 GC heap before
{Heap before GC invocations=19 (full 0):
 garbage-first heap   total 75776K, used 60216K [0x0000000700c00000, 0x0000000800000000)
  region size 2048K, 17 young (34816K), 1 survivors (2048K)
 Metaspace       used 60383K, committed 60800K, reserved 1105920K
  class space    used 7590K, committed 7808K, reserved 1048576K
}
Event: 2039.263 GC heap after
{Heap after GC invocations=20 (full 0):
 garbage-first heap   total 75776K, used 27131K [0x0000000700c00000, 0x0000000800000000)
  region size 2048K, 1 young (2048K), 1 survivors (2048K)
 Metaspace       used 60383K, committed 60800K, reserved 1105920K
  class space    used 7590K, committed 7808K, reserved 1048576K
}
Event: 2041.221 GC heap before
{Heap before GC invocations=20 (full 0):
 garbage-first heap   total 75776K, used 59899K [0x0000000700c00000, 0x0000000800000000)
  region size 2048K, 17 young (34816K), 1 survivors (2048K)
 Metaspace       used 60410K, committed 60800K, reserved 1105920K
  class space    used 7592K, committed 7808K, reserved 1048576K
}
Event: 2041.223 GC heap after
{Heap after GC invocations=21 (full 0):
 garbage-first heap   total 75776K, used 27117K [0x0000000700c00000, 0x0000000800000000)
  region size 2048K, 1 young (2048K), 1 survivors (2048K)
 Metaspace       used 60410K, committed 60800K, reserved 1105920K
  class space    used 7592K, committed 7808K, reserved 1048576K
}
Event: 2042.230 GC heap before
{Heap before GC invocations=21 (full 0):
 garbage-first heap   total 75776K, used 59885K [0x0000000700c00000, 0x0000000800000000)
  region size 2048K, 17 young (34816K), 1 survivors (2048K)
 Metaspace       used 60410K, committed 60800K, reserved 1105920K
  class space    used 7592K, committed 7808K, reserved 1048576K
}
Event: 2042.232 GC heap after
{Heap after GC invocations=22 (full 0):
 garbage-first heap   total 75776K, used 27089K [0x0000000700c00000, 0x0000000800000000)
  region size 2048K, 1 young (2048K), 1 survivors (2048K)
 Metaspace       used 60410K, committed 60800K, reserved 1105920K
  class space    used 7592K, committed 7808K, reserved 1048576K
}
Event: 2043.489 GC heap before
{Heap before GC invocations=22 (full 0):
 garbage-first heap   total 75776K, used 61905K [0x0000000700c00000, 0x0000000800000000)
  region size 2048K, 18 young (36864K), 1 survivors (2048K)
 Metaspace       used 60415K, committed 60800K, reserved 1105920K
  class space    used 7593K, committed 7808K, reserved 1048576K
}
Event: 2043.491 GC heap after
{Heap after GC invocations=23 (full 0):
 garbage-first heap   total 75776K, used 27087K [0x0000000700c00000, 0x0000000800000000)
  region size 2048K, 1 young (2048K), 1 survivors (2048K)
 Metaspace       used 60415K, committed 60800K, reserved 1105920K
  class space    used 7593K, committed 7808K, reserved 1048576K
}
Event: 2044.461 GC heap before
{Heap before GC invocations=23 (full 0):
 garbage-first heap   total 75776K, used 61903K [0x0000000700c00000, 0x0000000800000000)
  region size 2048K, 18 young (36864K), 1 survivors (2048K)
 Metaspace       used 60416K, committed 60800K, reserved 1105920K
  class space    used 7593K, committed 7808K, reserved 1048576K
}
Event: 2044.462 GC heap after
{Heap after GC invocations=24 (full 0):
 garbage-first heap   total 75776K, used 27080K [0x0000000700c00000, 0x0000000800000000)
  region size 2048K, 1 young (2048K), 1 survivors (2048K)
 Metaspace       used 60416K, committed 60800K, reserved 1105920K
  class space    used 7593K, committed 7808K, reserved 1048576K
}
Event: 2045.736 GC heap before
{Heap before GC invocations=24 (full 0):
 garbage-first heap   total 75776K, used 61896K [0x0000000700c00000, 0x0000000800000000)
  region size 2048K, 18 young (36864K), 1 survivors (2048K)
 Metaspace       used 60420K, committed 60800K, reserved 1105920K
  class space    used 7593K, committed 7808K, reserved 1048576K
}
Event: 2045.738 GC heap after
{Heap after GC invocations=25 (full 0):
 garbage-first heap   total 75776K, used 27100K [0x0000000700c00000, 0x0000000800000000)
  region size 2048K, 1 young (2048K), 1 survivors (2048K)
 Metaspace       used 60420K, committed 60800K, reserved 1105920K
  class space    used 7593K, committed 7808K, reserved 1048576K
}
Event: 2047.344 GC heap before
{Heap before GC invocations=25 (full 0):
 garbage-first heap   total 75776K, used 61916K [0x0000000700c00000, 0x0000000800000000)
  region size 2048K, 18 young (36864K), 1 survivors (2048K)
 Metaspace       used 60429K, committed 60864K, reserved 1105920K
  class space    used 7595K, committed 7808K, reserved 1048576K
}
Event: 2047.346 GC heap after
{Heap after GC invocations=26 (full 0):
 garbage-first heap   total 75776K, used 27140K [0x0000000700c00000, 0x0000000800000000)
  region size 2048K, 1 young (2048K), 1 survivors (2048K)
 Metaspace       used 60429K, committed 60864K, reserved 1105920K
  class space    used 7595K, committed 7808K, reserved 1048576K
}
Event: 2049.390 GC heap before
{Heap before GC invocations=26 (full 0):
 garbage-first heap   total 75776K, used 61956K [0x0000000700c00000, 0x0000000800000000)
  region size 2048K, 18 young (36864K), 1 survivors (2048K)
 Metaspace       used 60431K, committed 60864K, reserved 1105920K
  class space    used 7596K, committed 7808K, reserved 1048576K
}
Event: 2049.392 GC heap after
{Heap after GC invocations=27 (full 0):
 garbage-first heap   total 75776K, used 27120K [0x0000000700c00000, 0x0000000800000000)
  region size 2048K, 1 young (2048K), 1 survivors (2048K)
 Metaspace       used 60431K, committed 60864K, reserved 1105920K
  class space    used 7596K, committed 7808K, reserved 1048576K
}
Event: 2051.841 GC heap before
{Heap before GC invocations=27 (full 0):
 garbage-first heap   total 75776K, used 61936K [0x0000000700c00000, 0x0000000800000000)
  region size 2048K, 18 young (36864K), 1 survivors (2048K)
 Metaspace       used 60441K, committed 60928K, reserved 1105920K
  class space    used 7597K, committed 7808K, reserved 1048576K
}
Event: 2051.843 GC heap after
{Heap after GC invocations=28 (full 0):
 garbage-first heap   total 75776K, used 27136K [0x0000000700c00000, 0x0000000800000000)
  region size 2048K, 1 young (2048K), 1 survivors (2048K)
 Metaspace       used 60441K, committed 60928K, reserved 1105920K
  class space    used 7597K, committed 7808K, reserved 1048576K
}

